[0224/093340:INFO:CONSOLE(0)] "app router initialize," source: file:///C:/Users/Administrator/AppData/Roaming/Adobe/CEPServiceManager4/extensions/extensions/cutterman/js/cutterman.js(10)
[0224/093437:INFO:CONSOLE(0)] "PNG," source: file:///C:/Users/Administrator/AppData/Roaming/Adobe/CEPServiceManager4/extensions/extensions/cutterman/js/cutterman.js(516)
[0224/093437:INFO:CONSOLE(0)] "{"samefile":"cover","androidCurrentDpi":"不设置","iosCurrentDpi":"不设置","androidDpi":{"XXXHDPI":"2160","XXHDPI":"1080","XHDPI":"720","HDPI":"540","MDPI":"360"},"iosDpi":{"3X":"960","2X":"640","1X":"320"},"format":"PNG-24","quality":"PNG-24","output":"/f/ICN/web/%E5%BE%AE%E4%BF%A1%E5%B0%8F%E7%A8%8B%E5%BA%8F/%E5%B0%8F%E7%A8%8B%E5%BA%8F%E5%B8%82%E5%9C%BAPC/PC/home/images","merge":false,"target":["web"],"bounds":[0,0]}," source: file:///C:/Users/Administrator/AppData/Roaming/Adobe/CEPServiceManager4/extensions/extensions/cutterman/js/cutterman.js(523)
[0224/093438:INFO:CONSOLE(0)] "XMLHttpRequest cannot load http://www.cutterman.cn/rank/submit. Origin null is not allowed by Access-Control-Allow-Origin.," source: (0)
[0224/093455:INFO:CONSOLE(0)] "PNG," source: file:///C:/Users/Administrator/AppData/Roaming/Adobe/CEPServiceManager4/extensions/extensions/cutterman/js/cutterman.js(516)
[0224/093455:INFO:CONSOLE(0)] "{"samefile":"cover","androidCurrentDpi":"不设置","iosCurrentDpi":"不设置","androidDpi":{"XXXHDPI":"2160","XXHDPI":"1080","XHDPI":"720","HDPI":"540","MDPI":"360"},"iosDpi":{"3X":"960","2X":"640","1X":"320"},"format":"PNG-24","quality":"PNG-24","output":"/f/ICN/web/%E5%BE%AE%E4%BF%A1%E5%B0%8F%E7%A8%8B%E5%BA%8F/%E5%B0%8F%E7%A8%8B%E5%BA%8F%E5%B8%82%E5%9C%BAPC/PC/home/images","merge":false,"target":["web"],"bounds":[0,0]}," source: file:///C:/Users/Administrator/AppData/Roaming/Adobe/CEPServiceManager4/extensions/extensions/cutterman/js/cutterman.js(523)
[0224/093455:INFO:CONSOLE(0)] "PNG," source: file:///C:/Users/Administrator/AppData/Roaming/Adobe/CEPServiceManager4/extensions/extensions/cutterman/js/cutterman.js(516)
[0224/093455:INFO:CONSOLE(0)] "{"samefile":"cover","androidCurrentDpi":"不设置","iosCurrentDpi":"不设置","androidDpi":{"XXXHDPI":"2160","XXHDPI":"1080","XHDPI":"720","HDPI":"540","MDPI":"360"},"iosDpi":{"3X":"960","2X":"640","1X":"320"},"format":"PNG-24","quality":"PNG-24","output":"/f/ICN/web/%E5%BE%AE%E4%BF%A1%E5%B0%8F%E7%A8%8B%E5%BA%8F/%E5%B0%8F%E7%A8%8B%E5%BA%8F%E5%B8%82%E5%9C%BAPC/PC/home/images","merge":false,"target":["web"],"bounds":[0,0]}," source: file:///C:/Users/Administrator/AppData/Roaming/Adobe/CEPServiceManager4/extensions/extensions/cutterman/js/cutterman.js(523)
[0224/093456:INFO:CONSOLE(0)] "XMLHttpRequest cannot load http://www.cutterman.cn/rank/submit. Origin null is not allowed by Access-Control-Allow-Origin.," source: (0)
[0224/093456:INFO:CONSOLE(0)] "XMLHttpRequest cannot load http://www.cutterman.cn/rank/submit. Origin null is not allowed by Access-Control-Allow-Origin.," source: (0)
[0224/093522:INFO:CONSOLE(0)] "PNG," source: file:///C:/Users/Administrator/AppData/Roaming/Adobe/CEPServiceManager4/extensions/extensions/cutterman/js/cutterman.js(516)
[0224/093522:INFO:CONSOLE(0)] "{"samefile":"cover","androidCurrentDpi":"不设置","iosCurrentDpi":"不设置","androidDpi":{"XXXHDPI":"2160","XXHDPI":"1080","XHDPI":"720","HDPI":"540","MDPI":"360"},"iosDpi":{"3X":"960","2X":"640","1X":"320"},"format":"PNG-24","quality":"PNG-24","output":"/f/ICN/web/%E5%BE%AE%E4%BF%A1%E5%B0%8F%E7%A8%8B%E5%BA%8F/%E5%B0%8F%E7%A8%8B%E5%BA%8F%E5%B8%82%E5%9C%BAPC/PC/home/images","merge":false,"target":["web"],"bounds":[0,0]}," source: file:///C:/Users/Administrator/AppData/Roaming/Adobe/CEPServiceManager4/extensions/extensions/cutterman/js/cutterman.js(523)
[0224/093523:INFO:CONSOLE(0)] "XMLHttpRequest cannot load http://www.cutterman.cn/rank/submit. Origin null is not allowed by Access-Control-Allow-Origin.," source: (0)
[0224/093548:INFO:CONSOLE(0)] "PNG," source: file:///C:/Users/Administrator/AppData/Roaming/Adobe/CEPServiceManager4/extensions/extensions/cutterman/js/cutterman.js(516)
[0224/093548:INFO:CONSOLE(0)] "{"samefile":"cover","androidCurrentDpi":"不设置","iosCurrentDpi":"不设置","androidDpi":{"XXXHDPI":"2160","XXHDPI":"1080","XHDPI":"720","HDPI":"540","MDPI":"360"},"iosDpi":{"3X":"960","2X":"640","1X":"320"},"format":"PNG-24","quality":"PNG-24","output":"/f/ICN/web/%E5%BE%AE%E4%BF%A1%E5%B0%8F%E7%A8%8B%E5%BA%8F/%E5%B0%8F%E7%A8%8B%E5%BA%8F%E5%B8%82%E5%9C%BAPC/PC/home/images","merge":false,"target":["web"],"bounds":[0,0]}," source: file:///C:/Users/Administrator/AppData/Roaming/Adobe/CEPServiceManager4/extensions/extensions/cutterman/js/cutterman.js(523)
[0224/093549:INFO:CONSOLE(0)] "XMLHttpRequest cannot load http://www.cutterman.cn/rank/submit. Origin null is not allowed by Access-Control-Allow-Origin.," source: (0)
[0224/093616:INFO:CONSOLE(0)] "PNG," source: file:///C:/Users/Administrator/AppData/Roaming/Adobe/CEPServiceManager4/extensions/extensions/cutterman/js/cutterman.js(516)
[0224/093616:INFO:CONSOLE(0)] "{"samefile":"cover","androidCurrentDpi":"不设置","iosCurrentDpi":"不设置","androidDpi":{"XXXHDPI":"2160","XXHDPI":"1080","XHDPI":"720","HDPI":"540","MDPI":"360"},"iosDpi":{"3X":"960","2X":"640","1X":"320"},"format":"PNG-24","quality":"PNG-24","output":"/f/ICN/web/%E5%BE%AE%E4%BF%A1%E5%B0%8F%E7%A8%8B%E5%BA%8F/%E5%B0%8F%E7%A8%8B%E5%BA%8F%E5%B8%82%E5%9C%BAPC/PC/home/images","merge":false,"target":["web"],"bounds":[0,0]}," source: file:///C:/Users/Administrator/AppData/Roaming/Adobe/CEPServiceManager4/extensions/extensions/cutterman/js/cutterman.js(523)
[0224/093617:INFO:CONSOLE(0)] "XMLHttpRequest cannot load http://www.cutterman.cn/rank/submit. Origin null is not allowed by Access-Control-Allow-Origin.," source: (0)
[0224/093629:INFO:CONSOLE(0)] "PNG," source: file:///C:/Users/Administrator/AppData/Roaming/Adobe/CEPServiceManager4/extensions/extensions/cutterman/js/cutterman.js(516)
[0224/093629:INFO:CONSOLE(0)] "{"samefile":"cover","androidCurrentDpi":"不设置","iosCurrentDpi":"不设置","androidDpi":{"XXXHDPI":"2160","XXHDPI":"1080","XHDPI":"720","HDPI":"540","MDPI":"360"},"iosDpi":{"3X":"960","2X":"640","1X":"320"},"format":"PNG-24","quality":"PNG-24","output":"/f/ICN/web/%E5%BE%AE%E4%BF%A1%E5%B0%8F%E7%A8%8B%E5%BA%8F/%E5%B0%8F%E7%A8%8B%E5%BA%8F%E5%B8%82%E5%9C%BAPC/PC/home/images","merge":false,"target":["web"],"bounds":[0,0]}," source: file:///C:/Users/Administrator/AppData/Roaming/Adobe/CEPServiceManager4/extensions/extensions/cutterman/js/cutterman.js(523)
[0224/093629:INFO:CONSOLE(0)] "XMLHttpRequest cannot load http://www.cutterman.cn/rank/submit. Origin null is not allowed by Access-Control-Allow-Origin.," source: (0)
[0224/170448:INFO:CONSOLE(0)] "app router initialize," source: file:///C:/Users/Administrator/AppData/Roaming/Adobe/CEPServiceManager4/extensions/extensions/cutterman/js/cutterman.js(10)
[0224/170448:INFO:CONSOLE(0)] "PNG," source: file:///C:/Users/Administrator/AppData/Roaming/Adobe/CEPServiceManager4/extensions/extensions/cutterman/js/cutterman.js(516)
[0224/170448:INFO:CONSOLE(0)] "{"samefile":"cover","androidCurrentDpi":"不设置","iosCurrentDpi":"不设置","androidDpi":{"XXXHDPI":"2160","XXHDPI":"1080","XHDPI":"720","HDPI":"540","MDPI":"360"},"iosDpi":{"3X":"960","2X":"640","1X":"320"},"format":"PNG-24","quality":"PNG-24","output":"/f/ICN/web/%E5%BE%AE%E4%BF%A1%E5%B0%8F%E7%A8%8B%E5%BA%8F/%E5%B0%8F%E7%A8%8B%E5%BA%8F%E5%B8%82%E5%9C%BAPC/PC/home/images","merge":false,"target":["web"],"bounds":[0,0]}," source: file:///C:/Users/Administrator/AppData/Roaming/Adobe/CEPServiceManager4/extensions/extensions/cutterman/js/cutterman.js(523)
[0224/170449:INFO:CONSOLE(0)] "XMLHttpRequest cannot load http://www.cutterman.cn/rank/submit. Origin null is not allowed by Access-Control-Allow-Origin.," source: (0)
[0225/162937:INFO:CONSOLE(0)] "app router initialize," source: file:///C:/Users/Administrator/AppData/Roaming/Adobe/CEPServiceManager4/extensions/extensions/cutterman/js/cutterman.js(10)
[0225/162940:INFO:CONSOLE(0)] "JPEG," source: file:///C:/Users/Administrator/AppData/Roaming/Adobe/CEPServiceManager4/extensions/extensions/cutterman/js/cutterman.js(516)
[0225/162940:INFO:CONSOLE(0)] "{"samefile":"cover","androidCurrentDpi":"不设置","iosCurrentDpi":"不设置","androidDpi":{"XXXHDPI":"2160","XXHDPI":"1080","XHDPI":"720","HDPI":"540","MDPI":"360"},"iosDpi":{"3X":"960","2X":"640","1X":"320"},"format":"JPEG","quality":60,"output":"/f/ICN/web/%E5%BE%AE%E4%BF%A1%E5%B0%8F%E7%A8%8B%E5%BA%8F/%E5%B0%8F%E7%A8%8B%E5%BA%8F%E5%B8%82%E5%9C%BAPC/PC/home/images","merge":false,"target":["web"],"bounds":[0,0]}," source: file:///C:/Users/Administrator/AppData/Roaming/Adobe/CEPServiceManager4/extensions/extensions/cutterman/js/cutterman.js(523)
[0225/162943:INFO:CONSOLE(0)] "XMLHttpRequest cannot load http://www.cutterman.cn/rank/submit. Origin null is not allowed by Access-Control-Allow-Origin.," source: (0)
[0225/175422:INFO:CONSOLE(0)] "app router initialize," source: file:///C:/Users/Administrator/AppData/Roaming/Adobe/CEPServiceManager4/extensions/extensions/cutterman/js/cutterman.js(10)
[0225/175426:INFO:CONSOLE(0)] "PNG," source: file:///C:/Users/Administrator/AppData/Roaming/Adobe/CEPServiceManager4/extensions/extensions/cutterman/js/cutterman.js(516)
[0225/175426:INFO:CONSOLE(0)] "{"samefile":"cover","androidCurrentDpi":"不设置","iosCurrentDpi":"不设置","androidDpi":{"XXXHDPI":"2160","XXHDPI":"1080","XHDPI":"720","HDPI":"540","MDPI":"360"},"iosDpi":{"3X":"960","2X":"640","1X":"320"},"format":"PNG-24","quality":"PNG-24","output":"/f/ICN/web/%E5%BE%AE%E4%BF%A1%E5%B0%8F%E7%A8%8B%E5%BA%8F/%E5%B0%8F%E7%A8%8B%E5%BA%8F%E5%B8%82%E5%9C%BAPC/PC/home/images","merge":false,"target":["web"],"bounds":[0,0]}," source: file:///C:/Users/Administrator/AppData/Roaming/Adobe/CEPServiceManager4/extensions/extensions/cutterman/js/cutterman.js(523)
[0225/175427:INFO:CONSOLE(0)] "XMLHttpRequest cannot load http://www.cutterman.cn/rank/submit. Origin null is not allowed by Access-Control-Allow-Origin.," source: (0)
[0225/175456:INFO:CONSOLE(0)] "PNG," source: file:///C:/Users/Administrator/AppData/Roaming/Adobe/CEPServiceManager4/extensions/extensions/cutterman/js/cutterman.js(516)
[0225/175456:INFO:CONSOLE(0)] "{"samefile":"cover","androidCurrentDpi":"不设置","iosCurrentDpi":"不设置","androidDpi":{"XXXHDPI":"2160","XXHDPI":"1080","XHDPI":"720","HDPI":"540","MDPI":"360"},"iosDpi":{"3X":"960","2X":"640","1X":"320"},"format":"PNG-24","quality":"PNG-24","output":"/f/ICN/web/%E5%BE%AE%E4%BF%A1%E5%B0%8F%E7%A8%8B%E5%BA%8F/%E5%B0%8F%E7%A8%8B%E5%BA%8F%E5%B8%82%E5%9C%BAPC/PC/home/images","merge":false,"target":["web"],"bounds":[0,0]}," source: file:///C:/Users/Administrator/AppData/Roaming/Adobe/CEPServiceManager4/extensions/extensions/cutterman/js/cutterman.js(523)
[0225/175457:INFO:CONSOLE(0)] "XMLHttpRequest cannot load http://www.cutterman.cn/rank/submit. Origin null is not allowed by Access-Control-Allow-Origin.," source: (0)
[0225/175508:INFO:CONSOLE(0)] "PNG," source: file:///C:/Users/Administrator/AppData/Roaming/Adobe/CEPServiceManager4/extensions/extensions/cutterman/js/cutterman.js(516)
[0225/175508:INFO:CONSOLE(0)] "{"samefile":"cover","androidCurrentDpi":"不设置","iosCurrentDpi":"不设置","androidDpi":{"XXXHDPI":"2160","XXHDPI":"1080","XHDPI":"720","HDPI":"540","MDPI":"360"},"iosDpi":{"3X":"960","2X":"640","1X":"320"},"format":"PNG-24","quality":"PNG-24","output":"/f/ICN/web/%E5%BE%AE%E4%BF%A1%E5%B0%8F%E7%A8%8B%E5%BA%8F/%E5%B0%8F%E7%A8%8B%E5%BA%8F%E5%B8%82%E5%9C%BAPC/PC/home/images","merge":false,"target":["web"],"bounds":[0,0]}," source: file:///C:/Users/Administrator/AppData/Roaming/Adobe/CEPServiceManager4/extensions/extensions/cutterman/js/cutterman.js(523)
[0225/175509:INFO:CONSOLE(0)] "XMLHttpRequest cannot load http://www.cutterman.cn/rank/submit. Origin null is not allowed by Access-Control-Allow-Origin.," source: (0)
[0225/175525:INFO:CONSOLE(0)] "PNG," source: file:///C:/Users/Administrator/AppData/Roaming/Adobe/CEPServiceManager4/extensions/extensions/cutterman/js/cutterman.js(516)
[0225/175525:INFO:CONSOLE(0)] "{"samefile":"cover","androidCurrentDpi":"不设置","iosCurrentDpi":"不设置","androidDpi":{"XXXHDPI":"2160","XXHDPI":"1080","XHDPI":"720","HDPI":"540","MDPI":"360"},"iosDpi":{"3X":"960","2X":"640","1X":"320"},"format":"PNG-24","quality":"PNG-24","output":"/f/ICN/web/%E5%BE%AE%E4%BF%A1%E5%B0%8F%E7%A8%8B%E5%BA%8F/%E5%B0%8F%E7%A8%8B%E5%BA%8F%E5%B8%82%E5%9C%BAPC/PC/home/images","merge":false,"target":["web"],"bounds":[0,0]}," source: file:///C:/Users/Administrator/AppData/Roaming/Adobe/CEPServiceManager4/extensions/extensions/cutterman/js/cutterman.js(523)
[0225/175527:INFO:CONSOLE(0)] "XMLHttpRequest cannot load http://www.cutterman.cn/rank/submit. Origin null is not allowed by Access-Control-Allow-Origin.," source: (0)
